
> blotato-social-manager@0.1.0 build
> next build

▲ Next.js 16.2.2 (Turbopack)
- Environments: .env

  Creating an optimized production build ...
✓ Compiled successfully in 1994ms
  Running TypeScript ...
  Finished TypeScript in 2.6s ...
  Collecting page data using 9 workers ...
  Generating static pages using 9 workers (0/34) ...
  Generating static pages using 9 workers (8/34) 
  Generating static pages using 9 workers (16/34) 
  Generating static pages using 9 workers (25/34) 
✓ Generating static pages using 9 workers (34/34) in 254ms
  Finalizing page optimization ...

Route (app)
┌ ƒ /
├ ○ /_not-found
├ ƒ /api/accounts
├ ƒ /api/avatar
├ ƒ /api/billing/checkout
├ ƒ /api/billing/portal
├ ƒ /api/billing/webhook
├ ƒ /api/brand-settings
├ ƒ /api/carousel/generate
├ ƒ /api/extract
├ ƒ /api/generate
├ ƒ /api/onboarding/complete
├ ƒ /api/onboarding/save-blotato-key
├ ƒ /api/onboarding/validate-blotato
├ ƒ /api/posts
├ ƒ /api/profile
├ ƒ /api/publish
├ ƒ /api/retry
├ ƒ /api/stats
├ ƒ /api/templates
├ ƒ /api/visuals
├ ƒ /auth/callback
├ ○ /billing
├ ○ /carousel
├ ○ /dashboard
├ ○ /login
├ ○ /onboarding
├ ○ /posts
├ ○ /pricing
├ ○ /privacy
├ ○ /review
├ ○ /settings
└ ○ /terms


ƒ Proxy (Middleware)

○  (Static)   prerendered as static content
ƒ  (Dynamic)  server-rendered on demand

