[debug] [2026-04-05T00:28:47.140Z] ----------------------------------------------------------------------
[debug] [2026-04-05T00:28:47.142Z] Command:       /Users/shajeed/.nvm/versions/node/v22.12.0/bin/node /Users/shajeed/.nvm/versions/node/v22.12.0/bin/firebase init
[debug] [2026-04-05T00:28:47.142Z] CLI Version:   15.13.0
[debug] [2026-04-05T00:28:47.142Z] Platform:      darwin
[debug] [2026-04-05T00:28:47.142Z] Node Version:  v22.12.0
[debug] [2026-04-05T00:28:47.142Z] Time:          Sat Apr 04 2026 20:28:47 GMT-0400 (Eastern Daylight Time)
[debug] [2026-04-05T00:28:47.142Z] ----------------------------------------------------------------------
[debug] 
[debug] [2026-04-05T00:28:47.143Z] >>> [apiv2][query] GET https://firebase-public.firebaseio.com/cli.json [none]
[info] 
     ######## #### ########  ######## ########     ###     ######  ########
     ##        ##  ##     ## ##       ##     ##  ##   ##  ##       ##
     ######    ##  ########  ######   ########  #########  ######  ######
     ##        ##  ##    ##  ##       ##     ## ##     ##       ## ##
     ##       #### ##     ## ######## ########  ##     ##  ######  ########

You're about to initialize a Firebase project in this directory:

  /Users/shajeed/Business/Tekmadev/Blotato

[debug] [2026-04-05T00:28:47.889Z] <<< [apiv2][status] GET https://firebase-public.firebaseio.com/cli.json 200
[debug] [2026-04-05T00:28:47.889Z] <<< [apiv2][body] GET https://firebase-public.firebaseio.com/cli.json {"cloudBuildErrorAfter":1594252800000,"cloudBuildWarnAfter":1590019200000,"defaultNode10After":1594252800000,"minVersion":"3.0.5","node8DeploysDisabledAfter":1613390400000,"node8RuntimeDisabledAfter":1615809600000,"node8WarnAfter":1600128000000}
[info] 
=== Project Setup
[info] 
[info] First, let's associate this project directory with a Firebase project.
[info] You can create multiple project aliases by running firebase use --add, 
[info] 
[debug] [2026-04-05T00:29:12.554Z] > command requires scopes: ["email","openid","https://www.googleapis.com/auth/cloudplatformprojects.readonly","https://www.googleapis.com/auth/firebase","https://www.googleapis.com/auth/cloud-platform"]
[debug] [2026-04-05T00:29:12.554Z] > authorizing via signed-in user (tekmadev@gmail.com)
[debug] [2026-04-05T00:29:12.555Z] Checked if tokens are valid: false, expires at: 1775113359775
[debug] [2026-04-05T00:29:12.556Z] Checked if tokens are valid: false, expires at: 1775113359775
[debug] [2026-04-05T00:29:12.556Z] > refreshing access token with scopes: []
[debug] [2026-04-05T00:29:12.557Z] >>> [apiv2][query] POST https://www.googleapis.com/oauth2/v3/token [none]
[debug] [2026-04-05T00:29:12.557Z] >>> [apiv2][body] POST https://www.googleapis.com/oauth2/v3/token [omitted]
[debug] [2026-04-05T00:29:12.839Z] <<< [apiv2][status] POST https://www.googleapis.com/oauth2/v3/token 200
[debug] [2026-04-05T00:29:12.839Z] <<< [apiv2][body] POST https://www.googleapis.com/oauth2/v3/token [omitted]
[debug] [2026-04-05T00:29:12.856Z] >>> [apiv2][query] GET https://firebase.googleapis.com/v1beta1/projects pageSize=100
[debug] [2026-04-05T00:29:13.574Z] <<< [apiv2][status] GET https://firebase.googleapis.com/v1beta1/projects 200
[debug] [2026-04-05T00:29:13.574Z] <<< [apiv2][body] GET https://firebase.googleapis.com/v1beta1/projects [omitted]
[info] 
=== Hosting Setup
[info] 
[info] 
=== App Hosting Setup
[debug] [2026-04-05T00:29:38.564Z] Checked if tokens are valid: true, expires at: 1775352551839
[debug] [2026-04-05T00:29:38.564Z] Checked if tokens are valid: true, expires at: 1775352551839
[debug] [2026-04-05T00:29:38.564Z] >>> [apiv2][query] GET https://cloudbilling.googleapis.com/v1/projects/tekma-dev/billingInfo [none]
[debug] [2026-04-05T00:29:38.908Z] <<< [apiv2][status] GET https://cloudbilling.googleapis.com/v1/projects/tekma-dev/billingInfo 200
[debug] [2026-04-05T00:29:38.908Z] <<< [apiv2][body] GET https://cloudbilling.googleapis.com/v1/projects/tekma-dev/billingInfo {"name":"projects/tekma-dev/billingInfo","projectId":"tekma-dev","billingAccountName":"billingAccounts/0138E6-4F1845-DA90CF","billingEnabled":true}
[debug] [2026-04-05T00:29:38.910Z] Checked if tokens are valid: true, expires at: 1775352551839
[debug] [2026-04-05T00:29:38.910Z] Checked if tokens are valid: true, expires at: 1775352551839
[debug] [2026-04-05T00:29:38.910Z] >>> [apiv2][query] GET https://serviceusage.googleapis.com/v1/projects/tekma-dev/services/firebaseapphosting.googleapis.com [none]
[debug] [2026-04-05T00:29:38.910Z] >>> [apiv2][(partial)header] GET https://serviceusage.googleapis.com/v1/projects/tekma-dev/services/firebaseapphosting.googleapis.com  x-goog-user-project=tekma-dev
[debug] [2026-04-05T00:29:39.435Z] <<< [apiv2][status] GET https://serviceusage.googleapis.com/v1/projects/tekma-dev/services/firebaseapphosting.googleapis.com 200
[debug] [2026-04-05T00:29:39.435Z] <<< [apiv2][body] GET https://serviceusage.googleapis.com/v1/projects/tekma-dev/services/firebaseapphosting.googleapis.com [omitted]
[debug] [2026-04-05T00:29:39.436Z] Checked if tokens are valid: true, expires at: 1775352551839
[debug] [2026-04-05T00:29:39.436Z] Checked if tokens are valid: true, expires at: 1775352551839
[debug] [2026-04-05T00:29:39.436Z] >>> [apiv2][query] POST https://serviceusage.googleapis.com/v1/projects/tekma-dev/services/firebaseapphosting.googleapis.com:enable [none]
[debug] [2026-04-05T00:29:39.436Z] >>> [apiv2][(partial)header] POST https://serviceusage.googleapis.com/v1/projects/tekma-dev/services/firebaseapphosting.googleapis.com:enable  x-goog-user-project=tekma-dev
[debug] [2026-04-05T00:29:39.778Z] <<< [apiv2][status] POST https://serviceusage.googleapis.com/v1/projects/tekma-dev/services/firebaseapphosting.googleapis.com:enable 200
[debug] [2026-04-05T00:29:39.779Z] <<< [apiv2][body] POST https://serviceusage.googleapis.com/v1/projects/tekma-dev/services/firebaseapphosting.googleapis.com:enable [omitted]
[debug] [2026-04-05T00:29:49.800Z] Checked if tokens are valid: true, expires at: 1775352551839
[debug] [2026-04-05T00:29:49.800Z] Checked if tokens are valid: true, expires at: 1775352551839
[debug] [2026-04-05T00:29:49.800Z] Checked if tokens are valid: true, expires at: 1775352551839
[debug] [2026-04-05T00:29:49.800Z] Checked if tokens are valid: true, expires at: 1775352551839
[debug] [2026-04-05T00:29:49.800Z] Checked if tokens are valid: true, expires at: 1775352551839
[debug] [2026-04-05T00:29:49.800Z] Checked if tokens are valid: true, expires at: 1775352551839
[debug] [2026-04-05T00:29:49.800Z] Checked if tokens are valid: true, expires at: 1775352551839
[debug] [2026-04-05T00:29:49.800Z] Checked if tokens are valid: true, expires at: 1775352551839
[debug] [2026-04-05T00:29:49.800Z] Checked if tokens are valid: true, expires at: 1775352551839
[debug] [2026-04-05T00:29:49.800Z] Checked if tokens are valid: true, expires at: 1775352551839
[debug] [2026-04-05T00:29:49.801Z] Checked if tokens are valid: true, expires at: 1775352551839
[debug] [2026-04-05T00:29:49.801Z] Checked if tokens are valid: true, expires at: 1775352551839
[debug] [2026-04-05T00:29:49.801Z] >>> [apiv2][query] GET https://serviceusage.googleapis.com/v1/projects/tekma-dev/services/developerconnect.googleapis.com [none]
[debug] [2026-04-05T00:29:49.801Z] >>> [apiv2][(partial)header] GET https://serviceusage.googleapis.com/v1/projects/tekma-dev/services/developerconnect.googleapis.com  x-goog-user-project=tekma-dev
[debug] [2026-04-05T00:29:49.803Z] >>> [apiv2][query] GET https://serviceusage.googleapis.com/v1/projects/tekma-dev/services/cloudbuild.googleapis.com [none]
[debug] [2026-04-05T00:29:49.803Z] >>> [apiv2][(partial)header] GET https://serviceusage.googleapis.com/v1/projects/tekma-dev/services/cloudbuild.googleapis.com  x-goog-user-project=tekma-dev
[debug] [2026-04-05T00:29:49.804Z] >>> [apiv2][query] GET https://serviceusage.googleapis.com/v1/projects/tekma-dev/services/secretmanager.googleapis.com [none]
[debug] [2026-04-05T00:29:49.804Z] >>> [apiv2][(partial)header] GET https://serviceusage.googleapis.com/v1/projects/tekma-dev/services/secretmanager.googleapis.com  x-goog-user-project=tekma-dev
[debug] [2026-04-05T00:29:49.805Z] >>> [apiv2][query] GET https://serviceusage.googleapis.com/v1/projects/tekma-dev/services/run.googleapis.com [none]
[debug] [2026-04-05T00:29:49.805Z] >>> [apiv2][(partial)header] GET https://serviceusage.googleapis.com/v1/projects/tekma-dev/services/run.googleapis.com  x-goog-user-project=tekma-dev
[debug] [2026-04-05T00:29:49.806Z] >>> [apiv2][query] GET https://serviceusage.googleapis.com/v1/projects/tekma-dev/services/artifactregistry.googleapis.com [none]
[debug] [2026-04-05T00:29:49.806Z] >>> [apiv2][(partial)header] GET https://serviceusage.googleapis.com/v1/projects/tekma-dev/services/artifactregistry.googleapis.com  x-goog-user-project=tekma-dev
[debug] [2026-04-05T00:29:49.806Z] >>> [apiv2][query] GET https://serviceusage.googleapis.com/v1/projects/tekma-dev/services/iam.googleapis.com [none]
[debug] [2026-04-05T00:29:49.807Z] >>> [apiv2][(partial)header] GET https://serviceusage.googleapis.com/v1/projects/tekma-dev/services/iam.googleapis.com  x-goog-user-project=tekma-dev
[debug] [2026-04-05T00:29:50.237Z] <<< [apiv2][status] GET https://serviceusage.googleapis.com/v1/projects/tekma-dev/services/developerconnect.googleapis.com 200
[debug] [2026-04-05T00:29:50.237Z] <<< [apiv2][body] GET https://serviceusage.googleapis.com/v1/projects/tekma-dev/services/developerconnect.googleapis.com [omitted]
[debug] [2026-04-05T00:29:50.237Z] Checked if tokens are valid: true, expires at: 1775352551839
[debug] [2026-04-05T00:29:50.237Z] Checked if tokens are valid: true, expires at: 1775352551839
[debug] [2026-04-05T00:29:50.237Z] >>> [apiv2][query] POST https://serviceusage.googleapis.com/v1/projects/tekma-dev/services/developerconnect.googleapis.com:enable [none]
[debug] [2026-04-05T00:29:50.237Z] >>> [apiv2][(partial)header] POST https://serviceusage.googleapis.com/v1/projects/tekma-dev/services/developerconnect.googleapis.com:enable  x-goog-user-project=tekma-dev
[debug] [2026-04-05T00:29:50.238Z] <<< [apiv2][status] GET https://serviceusage.googleapis.com/v1/projects/tekma-dev/services/cloudbuild.googleapis.com 200
[debug] [2026-04-05T00:29:50.238Z] <<< [apiv2][body] GET https://serviceusage.googleapis.com/v1/projects/tekma-dev/services/cloudbuild.googleapis.com [omitted]
[debug] [2026-04-05T00:29:50.254Z] <<< [apiv2][status] GET https://serviceusage.googleapis.com/v1/projects/tekma-dev/services/run.googleapis.com 200
[debug] [2026-04-05T00:29:50.254Z] <<< [apiv2][body] GET https://serviceusage.googleapis.com/v1/projects/tekma-dev/services/run.googleapis.com [omitted]
[debug] [2026-04-05T00:29:50.263Z] <<< [apiv2][status] GET https://serviceusage.googleapis.com/v1/projects/tekma-dev/services/artifactregistry.googleapis.com 200
[debug] [2026-04-05T00:29:50.263Z] <<< [apiv2][body] GET https://serviceusage.googleapis.com/v1/projects/tekma-dev/services/artifactregistry.googleapis.com [omitted]
[debug] [2026-04-05T00:29:50.503Z] <<< [apiv2][status] GET https://serviceusage.googleapis.com/v1/projects/tekma-dev/services/secretmanager.googleapis.com 200
[debug] [2026-04-05T00:29:50.503Z] <<< [apiv2][body] GET https://serviceusage.googleapis.com/v1/projects/tekma-dev/services/secretmanager.googleapis.com [omitted]
[debug] [2026-04-05T00:29:50.512Z] <<< [apiv2][status] GET https://serviceusage.googleapis.com/v1/projects/tekma-dev/services/iam.googleapis.com 200
[debug] [2026-04-05T00:29:50.512Z] <<< [apiv2][body] GET https://serviceusage.googleapis.com/v1/projects/tekma-dev/services/iam.googleapis.com [omitted]
[debug] [2026-04-05T00:29:50.578Z] <<< [apiv2][status] POST https://serviceusage.googleapis.com/v1/projects/tekma-dev/services/developerconnect.googleapis.com:enable 200
[debug] [2026-04-05T00:29:50.578Z] <<< [apiv2][body] POST https://serviceusage.googleapis.com/v1/projects/tekma-dev/services/developerconnect.googleapis.com:enable [omitted]
[debug] [2026-04-05T00:30:00.591Z] Checked if tokens are valid: true, expires at: 1775352551839
[debug] [2026-04-05T00:30:00.591Z] Checked if tokens are valid: true, expires at: 1775352551839
[debug] [2026-04-05T00:30:00.592Z] >>> [apiv2][query] POST https://iam.googleapis.com/v1/projects/tekma-dev/serviceAccounts/firebase-app-hosting-compute@tekma-dev.iam.gserviceaccount.com:testIamPermissions [none]
[debug] [2026-04-05T00:30:00.592Z] >>> [apiv2][(partial)header] POST https://iam.googleapis.com/v1/projects/tekma-dev/serviceAccounts/firebase-app-hosting-compute@tekma-dev.iam.gserviceaccount.com:testIamPermissions  x-goog-user-project=tekma-dev
[debug] [2026-04-05T00:30:00.592Z] >>> [apiv2][body] POST https://iam.googleapis.com/v1/projects/tekma-dev/serviceAccounts/firebase-app-hosting-compute@tekma-dev.iam.gserviceaccount.com:testIamPermissions {"permissions":["iam.serviceAccounts.actAs"]}
[debug] [2026-04-05T00:30:01.045Z] <<< [apiv2][status] POST https://iam.googleapis.com/v1/projects/tekma-dev/serviceAccounts/firebase-app-hosting-compute@tekma-dev.iam.gserviceaccount.com:testIamPermissions 404
[debug] [2026-04-05T00:30:01.045Z] <<< [apiv2][body] POST https://iam.googleapis.com/v1/projects/tekma-dev/serviceAccounts/firebase-app-hosting-compute@tekma-dev.iam.gserviceaccount.com:testIamPermissions {"error":{"code":404,"message":"Unknown service account","status":"NOT_FOUND"}}
[debug] [2026-04-05T00:30:01.045Z] Checked if tokens are valid: true, expires at: 1775352551839
[debug] [2026-04-05T00:30:01.045Z] Checked if tokens are valid: true, expires at: 1775352551839
[debug] [2026-04-05T00:30:01.045Z] >>> [apiv2][query] POST https://iam.googleapis.com/v1/projects/tekma-dev/serviceAccounts [none]
[debug] [2026-04-05T00:30:01.045Z] >>> [apiv2][body] POST https://iam.googleapis.com/v1/projects/tekma-dev/serviceAccounts {"accountId":"firebase-app-hosting-compute","serviceAccount":{"displayName":"Firebase App Hosting compute service account","description":"Default service account used to run builds and deploys for Firebase App Hosting"}}
[debug] [2026-04-05T00:30:01.989Z] <<< [apiv2][status] POST https://iam.googleapis.com/v1/projects/tekma-dev/serviceAccounts 200
[debug] [2026-04-05T00:30:01.989Z] <<< [apiv2][body] POST https://iam.googleapis.com/v1/projects/tekma-dev/serviceAccounts [omitted]
[debug] [2026-04-05T00:30:01.990Z] Checked if tokens are valid: true, expires at: 1775352551839
[debug] [2026-04-05T00:30:01.990Z] Checked if tokens are valid: true, expires at: 1775352551839
[debug] [2026-04-05T00:30:01.990Z] >>> [apiv2][query] POST https://cloudresourcemanager.googleapis.com/v1/projects/tekma-dev:getIamPolicy [none]
[debug] [2026-04-05T00:30:02.729Z] <<< [apiv2][status] POST https://cloudresourcemanager.googleapis.com/v1/projects/tekma-dev:getIamPolicy 200
[debug] [2026-04-05T00:30:02.729Z] <<< [apiv2][body] POST https://cloudresourcemanager.googleapis.com/v1/projects/tekma-dev:getIamPolicy {"version":1,"etag":"BwZOq6W+8mY=","bindings":[{"role":"roles/cloudbuild.builds.builder","members":["serviceAccount:974530608815@cloudbuild.gserviceaccount.com"]},{"role":"roles/cloudbuild.serviceAgent","members":["serviceAccount:service-974530608815@gcp-sa-cloudbuild.iam.gserviceaccount.com"]},{"role":"roles/containerregistry.ServiceAgent","members":["serviceAccount:service-974530608815@containerregistry.iam.gserviceaccount.com"]},{"role":"roles/editor","members":["serviceAccount:974530608815-compute@developer.gserviceaccount.com","serviceAccount:974530608815@cloudservices.gserviceaccount.com","user:hamza.ekram786@gmail.com","user:shajeed0@gmail.com"]},{"role":"roles/firebase.managementServiceAgent","members":["serviceAccount:firebase-service-account@firebase-sa-management.iam.gserviceaccount.com","serviceAccount:service-974530608815@gcp-sa-firebase.iam.gserviceaccount.com"]},{"role":"roles/firebase.sdkAdminServiceAgent","members":["serviceAccount:firebase-adminsdk-3t25r@tekma-dev.iam.gserviceaccount.com"]},{"role":"roles/firebaseauth.admin","members":["serviceAccount:firebase-adminsdk-3t25r@tekma-dev.iam.gserviceaccount.com","serviceAccount:github-action-588389451@tekma-dev.iam.gserviceaccount.com"]},{"role":"roles/firebasehosting.admin","members":["serviceAccount:github-action-588389451@tekma-dev.iam.gserviceaccount.com"]},{"role":"roles/firebasemods.serviceAgent","members":["serviceAccount:service-974530608815@gcp-sa-firebasemods.iam.gserviceaccount.com"]},{"role":"roles/firebaserules.system","members":["serviceAccount:service-974530608815@firebase-rules.iam.gserviceaccount.com"]},{"role":"roles/firebasestorage.serviceAgent","members":["serviceAccount:service-974530608815@gcp-sa-firebasestorage.iam.gserviceaccount.com"]},{"role":"roles/firestore.serviceAgent","members":["serviceAccount:service-974530608815@gcp-sa-firestore.iam.gserviceaccount.com"]},{"role":"roles/iam.serviceAccountTokenCreator","members":["serviceAccount:firebase-adminsdk-3t25r@tekma-dev.iam.gserviceaccount.com"]},{"role":"roles/owner","members":["user:tekmadev@gmail.com"]},{"role":"roles/run.serviceAgent","members":["serviceAccount:service-974530608815@serverless-robot-prod.iam.gserviceaccount.com"]},{"role":"roles/run.viewer","members":["serviceAccount:github-action-588389451@tekma-dev.iam.gserviceaccount.com"]},{"role":"roles/serviceusage.apiKeysViewer","members":["serviceAccount:github-action-588389451@tekma-dev.iam.gserviceaccount.com"]},{"role":"roles/storage.admin","members":["serviceAccount:firebase-adminsdk-3t25r@tekma-dev.iam.gserviceaccount.com"]},{"role":"roles/viewer","members":["user:Kyeasin14@gmail.com"]}]}
[debug] [2026-04-05T00:30:02.730Z] Checked if tokens are valid: true, expires at: 1775352551839
[debug] [2026-04-05T00:30:02.730Z] Checked if tokens are valid: true, expires at: 1775352551839
[debug] [2026-04-05T00:30:02.730Z] >>> [apiv2][query] POST https://cloudresourcemanager.googleapis.com/v1/projects/tekma-dev:setIamPolicy [none]
[debug] [2026-04-05T00:30:02.730Z] >>> [apiv2][body] POST https://cloudresourcemanager.googleapis.com/v1/projects/tekma-dev:setIamPolicy {"policy":{"version":1,"etag":"BwZOq6W+8mY=","bindings":[{"role":"roles/cloudbuild.builds.builder","members":["serviceAccount:974530608815@cloudbuild.gserviceaccount.com"]},{"role":"roles/cloudbuild.serviceAgent","members":["serviceAccount:service-974530608815@gcp-sa-cloudbuild.iam.gserviceaccount.com"]},{"role":"roles/containerregistry.ServiceAgent","members":["serviceAccount:service-974530608815@containerregistry.iam.gserviceaccount.com"]},{"role":"roles/editor","members":["serviceAccount:974530608815-compute@developer.gserviceaccount.com","serviceAccount:974530608815@cloudservices.gserviceaccount.com","user:hamza.ekram786@gmail.com","user:shajeed0@gmail.com"]},{"role":"roles/firebase.managementServiceAgent","members":["serviceAccount:firebase-service-account@firebase-sa-management.iam.gserviceaccount.com","serviceAccount:service-974530608815@gcp-sa-firebase.iam.gserviceaccount.com"]},{"role":"roles/firebase.sdkAdminServiceAgent","members":["serviceAccount:firebase-adminsdk-3t25r@tekma-dev.iam.gserviceaccount.com","serviceAccount:firebase-app-hosting-compute@tekma-dev.iam.gserviceaccount.com"]},{"role":"roles/firebaseauth.admin","members":["serviceAccount:firebase-adminsdk-3t25r@tekma-dev.iam.gserviceaccount.com","serviceAccount:github-action-588389451@tekma-dev.iam.gserviceaccount.com"]},{"role":"roles/firebasehosting.admin","members":["serviceAccount:github-action-588389451@tekma-dev.iam.gserviceaccount.com"]},{"role":"roles/firebasemods.serviceAgent","members":["serviceAccount:service-974530608815@gcp-sa-firebasemods.iam.gserviceaccount.com"]},{"role":"roles/firebaserules.system","members":["serviceAccount:service-974530608815@firebase-rules.iam.gserviceaccount.com"]},{"role":"roles/firebasestorage.serviceAgent","members":["serviceAccount:service-974530608815@gcp-sa-firebasestorage.iam.gserviceaccount.com"]},{"role":"roles/firestore.serviceAgent","members":["serviceAccount:service-974530608815@gcp-sa-firestore.iam.gserviceaccount.com"]},{"role":"roles/iam.serviceAccountTokenCreator","members":["serviceAccount:firebase-adminsdk-3t25r@tekma-dev.iam.gserviceaccount.com"]},{"role":"roles/owner","members":["user:tekmadev@gmail.com"]},{"role":"roles/run.serviceAgent","members":["serviceAccount:service-974530608815@serverless-robot-prod.iam.gserviceaccount.com"]},{"role":"roles/run.viewer","members":["serviceAccount:github-action-588389451@tekma-dev.iam.gserviceaccount.com"]},{"role":"roles/serviceusage.apiKeysViewer","members":["serviceAccount:github-action-588389451@tekma-dev.iam.gserviceaccount.com"]},{"role":"roles/storage.admin","members":["serviceAccount:firebase-adminsdk-3t25r@tekma-dev.iam.gserviceaccount.com"]},{"role":"roles/viewer","members":["user:Kyeasin14@gmail.com"]},{"role":"roles/firebaseapphosting.computeRunner","members":["serviceAccount:firebase-app-hosting-compute@tekma-dev.iam.gserviceaccount.com"]},{"role":"roles/developerconnect.readTokenAccessor","members":["serviceAccount:firebase-app-hosting-compute@tekma-dev.iam.gserviceaccount.com"]},{"role":"roles/storage.objectViewer","members":["serviceAccount:firebase-app-hosting-compute@tekma-dev.iam.gserviceaccount.com"]}]},"updateMask":"bindings"}
[debug] [2026-04-05T00:30:03.415Z] <<< [apiv2][status] POST https://cloudresourcemanager.googleapis.com/v1/projects/tekma-dev:setIamPolicy 200
[debug] [2026-04-05T00:30:03.415Z] <<< [apiv2][body] POST https://cloudresourcemanager.googleapis.com/v1/projects/tekma-dev:setIamPolicy {"version":1,"etag":"BwZOq6ayeAI=","bindings":[{"role":"roles/cloudbuild.builds.builder","members":["serviceAccount:974530608815@cloudbuild.gserviceaccount.com"]},{"role":"roles/cloudbuild.serviceAgent","members":["serviceAccount:service-974530608815@gcp-sa-cloudbuild.iam.gserviceaccount.com"]},{"role":"roles/containerregistry.ServiceAgent","members":["serviceAccount:service-974530608815@containerregistry.iam.gserviceaccount.com"]},{"role":"roles/developerconnect.readTokenAccessor","members":["serviceAccount:firebase-app-hosting-compute@tekma-dev.iam.gserviceaccount.com"]},{"role":"roles/editor","members":["serviceAccount:974530608815-compute@developer.gserviceaccount.com","serviceAccount:974530608815@cloudservices.gserviceaccount.com","user:hamza.ekram786@gmail.com","user:shajeed0@gmail.com"]},{"role":"roles/firebase.managementServiceAgent","members":["serviceAccount:firebase-service-account@firebase-sa-management.iam.gserviceaccount.com","serviceAccount:service-974530608815@gcp-sa-firebase.iam.gserviceaccount.com"]},{"role":"roles/firebase.sdkAdminServiceAgent","members":["serviceAccount:firebase-adminsdk-3t25r@tekma-dev.iam.gserviceaccount.com","serviceAccount:firebase-app-hosting-compute@tekma-dev.iam.gserviceaccount.com"]},{"role":"roles/firebaseapphosting.computeRunner","members":["serviceAccount:firebase-app-hosting-compute@tekma-dev.iam.gserviceaccount.com"]},{"role":"roles/firebaseauth.admin","members":["serviceAccount:firebase-adminsdk-3t25r@tekma-dev.iam.gserviceaccount.com","serviceAccount:github-action-588389451@tekma-dev.iam.gserviceaccount.com"]},{"role":"roles/firebasehosting.admin","members":["serviceAccount:github-action-588389451@tekma-dev.iam.gserviceaccount.com"]},{"role":"roles/firebasemods.serviceAgent","members":["serviceAccount:service-974530608815@gcp-sa-firebasemods.iam.gserviceaccount.com"]},{"role":"roles/firebaserules.system","members":["serviceAccount:service-974530608815@firebase-rules.iam.gserviceaccount.com"]},{"role":"roles/firebasestorage.serviceAgent","members":["serviceAccount:service-974530608815@gcp-sa-firebasestorage.iam.gserviceaccount.com"]},{"role":"roles/firestore.serviceAgent","members":["serviceAccount:service-974530608815@gcp-sa-firestore.iam.gserviceaccount.com"]},{"role":"roles/iam.serviceAccountTokenCreator","members":["serviceAccount:firebase-adminsdk-3t25r@tekma-dev.iam.gserviceaccount.com"]},{"role":"roles/owner","members":["user:tekmadev@gmail.com"]},{"role":"roles/run.serviceAgent","members":["serviceAccount:service-974530608815@serverless-robot-prod.iam.gserviceaccount.com"]},{"role":"roles/run.viewer","members":["serviceAccount:github-action-588389451@tekma-dev.iam.gserviceaccount.com"]},{"role":"roles/serviceusage.apiKeysViewer","members":["serviceAccount:github-action-588389451@tekma-dev.iam.gserviceaccount.com"]},{"role":"roles/storage.admin","members":["serviceAccount:firebase-adminsdk-3t25r@tekma-dev.iam.gserviceaccount.com"]},{"role":"roles/storage.objectViewer","members":["serviceAccount:firebase-app-hosting-compute@tekma-dev.iam.gserviceaccount.com"]},{"role":"roles/viewer","members":["user:Kyeasin14@gmail.com"]}]}
[info] i  This command links your local project to Firebase App Hosting. You will be able to deploy your web app with `firebase deploy` after setup. 
[debug] [2026-04-05T00:30:11.416Z] Checked if tokens are valid: true, expires at: 1775352551839
[debug] [2026-04-05T00:30:11.417Z] Checked if tokens are valid: true, expires at: 1775352551839
[debug] [2026-04-05T00:30:11.417Z] >>> [apiv2][query] GET https://firebaseapphosting.googleapis.com/v1beta/projects/tekma-dev/locations/-/backends 
[debug] [2026-04-05T00:30:12.197Z] <<< [apiv2][status] GET https://firebaseapphosting.googleapis.com/v1beta/projects/tekma-dev/locations/-/backends 200
[debug] [2026-04-05T00:30:12.197Z] <<< [apiv2][body] GET https://firebaseapphosting.googleapis.com/v1beta/projects/tekma-dev/locations/-/backends {}
[debug] [2026-04-05T00:30:16.550Z] ExitPromptError: User force closed the prompt with SIGINT
    at Interface.sigint (/Users/shajeed/.nvm/versions/node/v22.12.0/lib/node_modules/firebase-tools/node_modules/@inquirer/core/dist/commonjs/lib/create-prompt.js:101:37)
    at Interface.emit (node:events:524:28)
    at [_ttyWrite] [as _ttyWrite] (node:internal/readline/interface:1124:18)
    at ReadStream.onkeypress (node:internal/readline/interface:263:20)
    at ReadStream.emit (node:events:536:35)
    at emitKeys (node:internal/readline/utils:370:14)
    at emitKeys.next (<anonymous>)
    at ReadStream.onData (node:internal/readline/emitKeypressEvents:64:36)
    at ReadStream.emit (node:events:524:28)
    at addChunk (node:internal/streams/readable:561:12)
[error] 
[error] Error: An unexpected error has occurred.
